<?xml version="1.0" encoding="UTF-8"?>
<testng-results skipped="0" failed="0" ignored="0" total="7" passed="7">
  <reporter-output>
  </reporter-output>
  <suite name="Default suite" duration-ms="80132" started-at="2020-06-11T23:42:24Z" finished-at="2020-06-11T23:43:45Z">
    <groups>
    </groups>
    <test name="Default test" duration-ms="80132" started-at="2020-06-11T23:42:24Z" finished-at="2020-06-11T23:43:45Z">
      <class name="Ejercicio.testNG.TestSF">
        <test-method status="PASS" signature="setLoginKeys()[pri:0, instance:Ejercicio.testNG.TestSF@2893de87]" name="setLoginKeys" is-config="true" duration-ms="9747" started-at="2020-06-11T20:42:25Z" finished-at="2020-06-11T20:42:34Z">
          <reporter-output>
          </reporter-output>
        </test-method> <!-- setLoginKeys -->
        <test-method status="PASS" signature="login()[pri:1, instance:Ejercicio.testNG.TestSF@2893de87]" name="login" duration-ms="6788" started-at="2020-06-11T20:42:34Z" finished-at="2020-06-11T20:42:41Z">
          <reporter-output>
          </reporter-output>
        </test-method> <!-- login -->
        <test-method status="PASS" signature="waitASeconds()[pri:0, instance:Ejercicio.testNG.TestSF@2893de87]" name="waitASeconds" is-config="true" duration-ms="5001" started-at="2020-06-11T20:42:41Z" finished-at="2020-06-11T20:42:46Z">
          <reporter-output>
          </reporter-output>
        </test-method> <!-- waitASeconds -->
        <test-method status="PASS" signature="clickButtonNewAccount()[pri:2, instance:Ejercicio.testNG.TestSF@2893de87]" name="clickButtonNewAccount" duration-ms="1205" started-at="2020-06-11T20:42:46Z" finished-at="2020-06-11T20:42:47Z">
          <reporter-output>
          </reporter-output>
        </test-method> <!-- clickButtonNewAccount -->
        <test-method status="PASS" signature="waitASeconds()[pri:0, instance:Ejercicio.testNG.TestSF@2893de87]" name="waitASeconds" is-config="true" duration-ms="5000" started-at="2020-06-11T20:42:47Z" finished-at="2020-06-11T20:42:52Z">
          <reporter-output>
          </reporter-output>
        </test-method> <!-- waitASeconds -->
        <test-method status="PASS" signature="test1(java.lang.String, java.lang.String, java.lang.String, java.lang.String, java.lang.String, java.lang.String)[pri:3, instance:Ejercicio.testNG.TestSF@2893de87]" name="test1" duration-ms="5281" started-at="2020-06-11T20:42:53Z" data-provider="hybridData" finished-at="2020-06-11T20:42:58Z">
          <params>
            <param index="0">
              <value>
                <![CDATA[TestAccount1]]>
              </value>
            </param>
            <param index="1">
              <value>
                <![CDATA[111-111-111]]>
              </value>
            </param>
            <param index="2">
              <value>
                <![CDATA[account111website.com]]>
              </value>
            </param>
            <param index="3">
              <value>
                <![CDATA[Low]]>
              </value>
            </param>
            <param index="4">
              <value>
                <![CDATA[St.1]]>
              </value>
            </param>
            <param index="5">
              <value>
                <![CDATA[10/05/2021]]>
              </value>
            </param>
          </params>
          <reporter-output>
          </reporter-output>
        </test-method> <!-- test1 -->
        <test-method status="PASS" signature="waitASeconds()[pri:0, instance:Ejercicio.testNG.TestSF@2893de87]" name="waitASeconds" is-config="true" duration-ms="5001" started-at="2020-06-11T20:42:58Z" finished-at="2020-06-11T20:43:03Z">
          <reporter-output>
          </reporter-output>
        </test-method> <!-- waitASeconds -->
        <test-method status="PASS" signature="test1(java.lang.String, java.lang.String, java.lang.String, java.lang.String, java.lang.String, java.lang.String)[pri:3, instance:Ejercicio.testNG.TestSF@2893de87]" name="test1" duration-ms="5475" started-at="2020-06-11T20:43:03Z" data-provider="hybridData" finished-at="2020-06-11T20:43:09Z">
          <params>
            <param index="0">
              <value>
                <![CDATA[TestAccount2]]>
              </value>
            </param>
            <param index="1">
              <value>
                <![CDATA[222-222-222]]>
              </value>
            </param>
            <param index="2">
              <value>
                <![CDATA[account222website.com]]>
              </value>
            </param>
            <param index="3">
              <value>
                <![CDATA[Medium]]>
              </value>
            </param>
            <param index="4">
              <value>
                <![CDATA[St.2]]>
              </value>
            </param>
            <param index="5">
              <value>
                <![CDATA[02/08/2022]]>
              </value>
            </param>
          </params>
          <reporter-output>
          </reporter-output>
        </test-method> <!-- test1 -->
        <test-method status="PASS" signature="waitASeconds()[pri:0, instance:Ejercicio.testNG.TestSF@2893de87]" name="waitASeconds" is-config="true" duration-ms="5002" started-at="2020-06-11T20:43:09Z" finished-at="2020-06-11T20:43:14Z">
          <reporter-output>
          </reporter-output>
        </test-method> <!-- waitASeconds -->
        <test-method status="PASS" signature="test1(java.lang.String, java.lang.String, java.lang.String, java.lang.String, java.lang.String, java.lang.String)[pri:3, instance:Ejercicio.testNG.TestSF@2893de87]" name="test1" duration-ms="5227" started-at="2020-06-11T20:43:14Z" data-provider="hybridData" finished-at="2020-06-11T20:43:19Z">
          <params>
            <param index="0">
              <value>
                <![CDATA[TestAccount3]]>
              </value>
            </param>
            <param index="1">
              <value>
                <![CDATA[333-333-333]]>
              </value>
            </param>
            <param index="2">
              <value>
                <![CDATA[account333website.com]]>
              </value>
            </param>
            <param index="3">
              <value>
                <![CDATA[High]]>
              </value>
            </param>
            <param index="4">
              <value>
                <![CDATA[St.3]]>
              </value>
            </param>
            <param index="5">
              <value>
                <![CDATA[28/02/2023]]>
              </value>
            </param>
          </params>
          <reporter-output>
          </reporter-output>
        </test-method> <!-- test1 -->
        <test-method status="PASS" signature="waitASeconds()[pri:0, instance:Ejercicio.testNG.TestSF@2893de87]" name="waitASeconds" is-config="true" duration-ms="5001" started-at="2020-06-11T20:43:19Z" finished-at="2020-06-11T20:43:24Z">
          <reporter-output>
          </reporter-output>
        </test-method> <!-- waitASeconds -->
        <test-method status="PASS" signature="test1(java.lang.String, java.lang.String, java.lang.String, java.lang.String, java.lang.String, java.lang.String)[pri:3, instance:Ejercicio.testNG.TestSF@2893de87]" name="test1" duration-ms="5295" started-at="2020-06-11T20:43:24Z" data-provider="hybridData" finished-at="2020-06-11T20:43:29Z">
          <params>
            <param index="0">
              <value>
                <![CDATA[TestAccount4]]>
              </value>
            </param>
            <param index="1">
              <value>
                <![CDATA[444-444-444]]>
              </value>
            </param>
            <param index="2">
              <value>
                <![CDATA[account444website.com]]>
              </value>
            </param>
            <param index="3">
              <value>
                <![CDATA[Medium]]>
              </value>
            </param>
            <param index="4">
              <value>
                <![CDATA[St.4]]>
              </value>
            </param>
            <param index="5">
              <value>
                <![CDATA[05/11/2024]]>
              </value>
            </param>
          </params>
          <reporter-output>
          </reporter-output>
        </test-method> <!-- test1 -->
        <test-method status="PASS" signature="waitASeconds()[pri:0, instance:Ejercicio.testNG.TestSF@2893de87]" name="waitASeconds" is-config="true" duration-ms="5000" started-at="2020-06-11T20:43:29Z" finished-at="2020-06-11T20:43:34Z">
          <reporter-output>
          </reporter-output>
        </test-method> <!-- waitASeconds -->
        <test-method status="PASS" signature="test1(java.lang.String, java.lang.String, java.lang.String, java.lang.String, java.lang.String, java.lang.String)[pri:3, instance:Ejercicio.testNG.TestSF@2893de87]" name="test1" duration-ms="5413" started-at="2020-06-11T20:43:34Z" data-provider="hybridData" finished-at="2020-06-11T20:43:40Z">
          <params>
            <param index="0">
              <value>
                <![CDATA[TestAccount5]]>
              </value>
            </param>
            <param index="1">
              <value>
                <![CDATA[555-555-555]]>
              </value>
            </param>
            <param index="2">
              <value>
                <![CDATA[account555website.com]]>
              </value>
            </param>
            <param index="3">
              <value>
                <![CDATA[High]]>
              </value>
            </param>
            <param index="4">
              <value>
                <![CDATA[St.5]]>
              </value>
            </param>
            <param index="5">
              <value>
                <![CDATA[07/07/2025]]>
              </value>
            </param>
          </params>
          <reporter-output>
          </reporter-output>
        </test-method> <!-- test1 -->
        <test-method status="PASS" signature="waitASeconds()[pri:0, instance:Ejercicio.testNG.TestSF@2893de87]" name="waitASeconds" is-config="true" duration-ms="5001" started-at="2020-06-11T20:43:40Z" finished-at="2020-06-11T20:43:45Z">
          <reporter-output>
          </reporter-output>
        </test-method> <!-- waitASeconds -->
      </class> <!-- Ejercicio.testNG.TestSF -->
    </test> <!-- Default test -->
  </suite> <!-- Default suite -->
</testng-results>
