<?xml version="1.0" encoding="UTF-8"?>
<!-- Generated by org.testng.reporters.JUnitXMLReporter -->
<testsuite hostname="PABLOF" ignored="0" name="Default test" tests="7" failures="0" timestamp="11 jun 2020 23:43:45 GMT" time="80.132" errors="0">
  <testcase name="login" time="6.788" classname="Ejercicio.testNG.TestSF"/>
  <testcase name="clickButtonNewAccount" time="1.205" classname="Ejercicio.testNG.TestSF"/>
  <testcase name="test1" time="5.281" classname="Ejercicio.testNG.TestSF"/>
  <testcase name="test1" time="5.475" classname="Ejercicio.testNG.TestSF"/>
  <testcase name="test1" time="5.227" classname="Ejercicio.testNG.TestSF"/>
  <testcase name="test1" time="5.295" classname="Ejercicio.testNG.TestSF"/>
  <testcase name="test1" time="5.413" classname="Ejercicio.testNG.TestSF"/>
</testsuite> <!-- Default test -->
